
 [blasr] started.N: 16
 [blasr] started.N: 21
Run blasr on file: pool_asm.test.10kb.fasta_contig.fasta.cut/pool_asm.test.10kb.fasta_contig.fasta.36.fasta
[INFO] 
Run blasr on file: pool_asm.test.10kb.fasta_contig.fasta.cut/pool_asm.test.10kb.fasta_contig.fasta.34.fasta
N: 18
Run blasr on file: pool_asm.test.10kb.fasta_contig.fasta.cut/pool_asm.test.10kb.fasta_contig.fasta.39.fasta

N: 17
Run blasr on file: pool_asm.test.10kb.fasta_contig.fasta.cut/pool_asm.test.10kb.fasta_contig.fasta.16.fasta
[INFO] Run blasr on file: pool_asm.test.10kb.fasta_contig.fasta.cut/pool_asm.test.10kb.fasta_contig.fasta.12.fasta
[INFO] 2017-05-24T10:09:282017-05-24T10:09:28Run blasr on file: pool_asm.test.10kb.fasta_contig.fasta.cut/pool_asm.test.10kb.fasta_contig.fasta.14.fasta
2017-05-24T10:09:27Run blasr on file: pool_asm.test.10kb.fasta_contig.fasta.cut/pool_asm.test.10kb.fasta_contig.fasta.22.fasta
 [blasr] started.Run blasr on file: pool_asm.test.10kb.fasta_contig.fasta.cut/pool_asm.test.10kb.fasta_contig.fasta.26.fasta
[INFO] Run blasr on file: pool_asm.test.10kb.fasta_contig.fasta.cut/pool_asm.test.10kb.fasta_contig.fasta.21.fasta
 [blasr] started.CPU: 4

N: 25
[INFO] N: 23

N: 45
N: 43
[INFO] Run blasr on file: pool_asm.test.10kb.fasta_contig.fasta.cut/pool_asm.test.10kb.fasta_contig.fasta.18.fasta
[INFO] [INFO] CPU: 4
[INFO] 2017-05-24T10:09:282017-05-24T10:09:28[INFO] 2017-05-24T10:09:282017-05-24T10:09:282017-05-24T10:09:27 [blasr] started.Run blasr on file: pool_asm.test.10kb.fasta_contig.fasta.cut/pool_asm.test.10kb.fasta_contig.fasta.23.fasta
Run blasr on file: pool_asm.test.10kb.fasta_contig.fasta.cut/pool_asm.test.10kb.fasta_contig.fasta.25.fasta
2017-05-24T10:09:28[INFO] CPU: 4
2017-05-24T10:09:272017-05-24T10:09:28[INFO]  [blasr] started.2017-05-24T10:09:28 [blasr] started.Run blasr on file: pool_asm.test.10kb.fasta_contig.fasta.cut/pool_asm.test.10kb.fasta_contig.fasta.17.fasta
2017-05-24T10:09:28 [blasr] started. [blasr] started.
 [blasr] started.Run blasr on file: pool_asm.test.10kb.fasta_contig.fasta.cut/pool_asm.test.10kb.fasta_contig.fasta.43.fasta

 [blasr] started.N: 46


 [blasr] started.

 [blasr] started.Run blasr on file: pool_asm.test.10kb.fasta_contig.fasta.cut/pool_asm.test.10kb.fasta_contig.fasta.45.fasta
 [blasr] started.
N: 44
 [blasr] started.



CPU: 4
N: 47
[INFO] [INFO] 2017-05-24T10:09:28 [blasr] started.2017-05-24T10:09:28
 [blasr] started.[INFO] 
2017-05-24T10:09:28 [blasr] started.
Run blasr on file: pool_asm.test.10kb.fasta_contig.fasta.cut/pool_asm.test.10kb.fasta_contig.fasta.46.fasta
[INFO] 2017-05-24T10:09:28 [blasr] started.
Run blasr on file: pool_asm.test.10kb.fasta_contig.fasta.cut/pool_asm.test.10kb.fasta_contig.fasta.44.fasta
Run blasr on file: pool_asm.test.10kb.fasta_contig.fasta.cut/pool_asm.test.10kb.fasta_contig.fasta.47.fasta
[INFO] [INFO] 2017-05-24T10:09:282017-05-24T10:09:28 [blasr] started. [blasr] started.

[INFO] 2017-05-24T10:09:28 [blasr] started.
[INFO] 2017-05-24T10:09:28 [blasr] started.
[INFO] 2017-05-24T10:09:28 [blasr] started.
[INFO] 2017-05-24T10:09:28 [blasr] started.
[INFO] [INFO] [INFO] [INFO] 2017-05-24T10:09:28 [blasr] started.[INFO] 2017-05-24T10:09:28[INFO]  [blasr] started.2017-05-24T10:09:28 [blasr] started.
[INFO] [INFO] 2017-05-24T10:09:282017-05-24T10:09:28
 [blasr] started.
 [blasr] started.
[INFO] 2017-05-24T10:09:28[INFO] 2017-05-24T10:09:282017-05-24T10:09:282017-05-24T10:09:282017-05-24T10:09:28
 [blasr] started. [blasr] started. [blasr] started.


 [blasr] started. [blasr] started.

